c:\users\amo\documents\visual studio 2015\projects\project1\project1\debug\vc140.pdb
c:\users\amo\documents\visual studio 2015\projects\project1\project1\debug\vc140.idb
c:\users\amo\documents\visual studio 2015\projects\project1\project1\debug\main.obj
c:\users\amo\documents\visual studio 2015\projects\project1\project1\debug\observer.obj
c:\users\amo\documents\visual studio 2015\projects\project1\project1\debug\case.obj
c:\users\amo\documents\visual studio 2015\projects\project1\project1\debug\moteur.obj
c:\users\amo\desktop\little big game\moubri_a\dossier vs2015\project1\debug\vc140.pdb
c:\users\amo\desktop\little big game\moubri_a\dossier vs2015\project1\debug\vc140.idb
c:\users\amo\desktop\little big game\moubri_a\dossier vs2015\project1\debug\case.obj
c:\users\amo\desktop\little big game\moubri_a\dossier vs2015\project1\debug\main.obj
c:\users\amo\desktop\little big game\moubri_a\dossier vs2015\project1\debug\moteur.obj
c:\users\amo\desktop\little big game\moubri_a\dossier vs2015\project1\debug\observer.obj
c:\users\amo\desktop\little big game\moubri_a\dossier vs2015\project1\debug\game.obj
c:\users\amo\desktop\little big game\moubri_a\dossier vs2015\project1\debug\loader.obj
c:\users\amo\documents\visual studio 2015\projects\project1\debug\project1.ilk
c:\users\amo\documents\visual studio 2015\projects\project1\debug\project1.exe
c:\users\amo\documents\visual studio 2015\projects\project1\debug\project1.pdb
c:\users\amo\desktop\little big game\moubri_a\dossier vs2015\debug\project1.ilk
c:\users\amo\desktop\little big game\moubri_a\dossier vs2015\debug\project1.exe
c:\users\amo\desktop\little big game\moubri_a\dossier vs2015\debug\project1.pdb
c:\users\amo\desktop\little big game\moubri_a\dossier vs2015\project1\debug\main.obj.enc
c:\users\amo\desktop\little big game\moubri_a\dossier vs2015\project1\debug\project1.tlog\cl.command.1.tlog
c:\users\amo\desktop\little big game\moubri_a\dossier vs2015\project1\debug\project1.tlog\cl.read.1.tlog
c:\users\amo\desktop\little big game\moubri_a\dossier vs2015\project1\debug\project1.tlog\cl.write.1.tlog
c:\users\amo\desktop\little big game\moubri_a\dossier vs2015\project1\debug\project1.tlog\link-cvtres.read.1.tlog
c:\users\amo\desktop\little big game\moubri_a\dossier vs2015\project1\debug\project1.tlog\link-cvtres.write.1.tlog
c:\users\amo\desktop\little big game\moubri_a\dossier vs2015\project1\debug\project1.tlog\link-rc.read.1.tlog
c:\users\amo\desktop\little big game\moubri_a\dossier vs2015\project1\debug\project1.tlog\link-rc.write.1.tlog
c:\users\amo\desktop\little big game\moubri_a\dossier vs2015\project1\debug\project1.tlog\link.3092-cvtres.read.1.tlog
c:\users\amo\desktop\little big game\moubri_a\dossier vs2015\project1\debug\project1.tlog\link.3092-cvtres.write.1.tlog
c:\users\amo\desktop\little big game\moubri_a\dossier vs2015\project1\debug\project1.tlog\link.3092-rc.read.1.tlog
c:\users\amo\desktop\little big game\moubri_a\dossier vs2015\project1\debug\project1.tlog\link.3092-rc.write.1.tlog
c:\users\amo\desktop\little big game\moubri_a\dossier vs2015\project1\debug\project1.tlog\link.3092.read.1.tlog
c:\users\amo\desktop\little big game\moubri_a\dossier vs2015\project1\debug\project1.tlog\link.3092.write.1.tlog
c:\users\amo\desktop\little big game\moubri_a\dossier vs2015\project1\debug\project1.tlog\link.command.1.tlog
c:\users\amo\desktop\little big game\moubri_a\dossier vs2015\project1\debug\project1.tlog\link.read.1.tlog
c:\users\amo\desktop\little big game\moubri_a\dossier vs2015\project1\debug\project1.tlog\link.write.1.tlog
